[35m[1mScanning dependencies of target ros_cellulo_interaction[0m
[  8%] Built target ros_cellulo_coverage_core
[ 16%] Built target ros_cellulo_aggregation_core
[ 33%] Built target ros_cellulo_leader
[ 83%] Built target ros_cellulo_coverage
[ 83%] Built target ros_cellulo_aggregation
[ 91%] [32mBuilding CXX object CMakeFiles/ros_cellulo_interaction.dir/src/ros_cellulo_interaction/ros_cellulo_interaction_node.cpp.o[0m
[01m[K/home/tprobotics/Documents/PROJECTS/catkin_ws/src/cellulo_swarm_practical_base/ros_cellulo_practical/src/ros_cellulo_interaction/ros_cellulo_interaction_node.cpp:[m[K In member function â€˜[01m[Kvoid FollowLeader::followingMyLeader()[m[Kâ€™:
[01m[K/home/tprobotics/Documents/PROJECTS/catkin_ws/src/cellulo_swarm_practical_base/ros_cellulo_practical/src/ros_cellulo_interaction/ros_cellulo_interaction_node.cpp:104:39:[m[K [01;31m[Kerror: [m[Kscalar object â€˜[01m[Kvel[m[Kâ€™ requires one element in initializer
         double vel = {velx, vely, velz};
[01;32m[K                                       ^[m[K
CMakeFiles/ros_cellulo_interaction.dir/build.make:62: recipe for target 'CMakeFiles/ros_cellulo_interaction.dir/src/ros_cellulo_interaction/ros_cellulo_interaction_node.cpp.o' failed
make[2]: *** [CMakeFiles/ros_cellulo_interaction.dir/src/ros_cellulo_interaction/ros_cellulo_interaction_node.cpp.o] Error 1
CMakeFiles/Makefile2:109: recipe for target 'CMakeFiles/ros_cellulo_interaction.dir/all' failed
make[1]: *** [CMakeFiles/ros_cellulo_interaction.dir/all] Error 2
Makefile:140: recipe for target 'all' failed
make: *** [all] Error 2
